<?xml version="1.0" encoding="UTF-8"?>
<!-- Generated by org.testng.reporters.JUnitReportReporter -->
<testsuite hostname="Hari" name="TestCases.Dashboard" tests="1" failures="0" timestamp="18 Jun 2020 11:22:39 GMT" time="13.767" errors="0">
  <testcase name="dashboardoperations" time="13.767" classname="TestCases.Dashboard"/>
</testsuite> <!-- TestCases.Dashboard -->
