<?xml version="1.0" encoding="UTF-8"?>
<!-- Generated by org.testng.reporters.JUnitReportReporter -->
<testsuite hostname="Hari" name="TestCases.Create_Campaign" tests="1" failures="0" timestamp="18 Jun 2020 11:22:39 GMT" time="40.183" errors="0">
  <testcase name="cretecampaign" time="40.183" classname="TestCases.Create_Campaign"/>
</testsuite> <!-- TestCases.Create_Campaign -->
