<?xml version="1.0" encoding="UTF-8"?>
<!-- Generated by org.testng.reporters.JUnitReportReporter -->
<testsuite hostname="Hari" name="TestCases.Login" tests="1" failures="0" timestamp="11 Jun 2020 13:16:25 GMT" time="25.731" errors="0">
  <testcase name="enterpriseuseroperations" time="25.731" classname="TestCases.Login"/>
</testsuite> <!-- TestCases.Login -->
