<?xml version="1.0" encoding="UTF-8"?>
<!-- Generated by org.testng.reporters.JUnitReportReporter -->
<testsuite hostname="Hari" name="TestCases.Login" tests="1" failures="0" timestamp="18 Jun 2020 11:22:39 GMT" time="25.899" errors="0">
  <testcase name="loginoperations" time="25.899" classname="TestCases.Login"/>
</testsuite> <!-- TestCases.Login -->
