<?xml version="1.0" encoding="UTF-8"?>
<!-- Generated by org.testng.reporters.JUnitReportReporter -->
<testsuite hostname="Hari" name="TestCases.Dashboard" tests="1" failures="0" timestamp="11 Jun 2020 13:16:25 GMT" time="14.165" errors="0">
  <testcase name="dashboardoperations" time="14.165" classname="TestCases.Dashboard"/>
</testsuite> <!-- TestCases.Dashboard -->
