<?xml version="1.0" encoding="UTF-8"?>
<!-- Generated by org.testng.reporters.JUnitReportReporter -->
<testsuite hostname="Hari" name="TestCases.Login" tests="1" failures="0" timestamp="18 Jun 2020 15:13:32 GMT" time="52.298" errors="0">
  <testcase name="loginoperations" time="52.298" classname="TestCases.Login"/>
</testsuite> <!-- TestCases.Login -->
